[2025-02-15 23:29:31.125] [info] Using configuration file /home/omarhanykasban/.config/waybar/PC/Hyprland/config.jsonc
[2025-02-15 23:29:31.126] [info] Discovered appearance 'dark'
[2025-02-15 23:29:31.126] [info] Using CSS file /home/omarhanykasban/.config/waybar/PC/Hyprland/style.css
[2025-02-15 23:29:31.130] [info] Hyprland IPC starting
[2025-02-15 23:29:31.130] [info] Loading persistent workspaces from Hyprland workspace rules
[2025-02-15 23:29:31.134] [warning] module backlight: Disabling module "backlight", No backlight found
[2025-02-15 23:29:31.136] [warning] No batteries.

** (waybar:6365): WARNING **: 23:29:31.259: Status Notifier Item with bus name ':1.30' and object path '/org/ayatana/NotificationItem/nm_applet' is already registered

** (waybar:6365): WARNING **: 23:29:31.259: Status Notifier Item with bus name ':1.30' and object path '/org/ayatana/NotificationItem/nm_applet' is already registered
[2025-02-15 23:29:31.276] [info] Bar configured (width: 1920, height: 39) for output: HDMI-A-1

(waybar:6365): Gtk-CRITICAL **: 23:29:31.281: gtk_widget_set_accel_path: assertion 'GTK_IS_ACCEL_GROUP (accel_group)' failed

(waybar:6365): Gtk-CRITICAL **: 23:29:31.281: gtk_widget_add_accelerator: assertion 'GTK_IS_ACCEL_GROUP (accel_group)' failed

(waybar:6365): Gtk-CRITICAL **: 23:29:31.281: gtk_widget_set_accel_path: assertion 'GTK_IS_ACCEL_GROUP (accel_group)' failed

(waybar:6365): Gtk-CRITICAL **: 23:29:31.281: gtk_widget_add_accelerator: assertion 'GTK_IS_ACCEL_GROUP (accel_group)' failed

(waybar:6365): Gtk-CRITICAL **: 23:29:31.282: gtk_widget_set_accel_path: assertion 'GTK_IS_ACCEL_GROUP (accel_group)' failed

(waybar:6365): Gtk-CRITICAL **: 23:29:31.282: gtk_widget_add_accelerator: assertion 'GTK_IS_ACCEL_GROUP (accel_group)' failed

(waybar:6365): Gtk-CRITICAL **: 23:29:31.282: gtk_widget_set_accel_path: assertion 'GTK_IS_ACCEL_GROUP (accel_group)' failed

(waybar:6365): Gtk-CRITICAL **: 23:29:31.282: gtk_widget_add_accelerator: assertion 'GTK_IS_ACCEL_GROUP (accel_group)' failed

(waybar:6365): Gtk-CRITICAL **: 23:29:31.283: gtk_widget_set_accel_path: assertion 'GTK_IS_ACCEL_GROUP (accel_group)' failed

(waybar:6365): Gtk-CRITICAL **: 23:29:31.283: gtk_widget_add_accelerator: assertion 'GTK_IS_ACCEL_GROUP (accel_group)' failed

** (waybar:6365): WARNING **: 23:29:32.021: Status Notifier Item with bus name ':1.30' and object path '/org/ayatana/NotificationItem/nm_applet' is already registered

** (waybar:6365): WARNING **: 23:29:32.021: Status Notifier Item with bus name ':1.30' and object path '/org/ayatana/NotificationItem/nm_applet' is already registered
/home/omarhanykasban/.config/waybar/launch.sh: line 31: syncthingtray-qt6: command not found

(waybar:6365): LIBDBUSMENU-GLIB-WARNING **: 23:34:56.529: Getting layout failed: GDBus.Error:org.freedesktop.DBus.Error.UnknownObject: No such object path '/MenuBar'
[2025-02-15 23:34:56.530] [warning] Failed to update properties: GDBus.Error:org.freedesktop.DBus.Error.NoReply: Remote peer disconnected

** (waybar:6365): WARNING **: 23:34:56.531: Status Notifier Item with bus name ':1.30' and object path '/org/ayatana/NotificationItem/nm_applet' is already registered

** (waybar:6365): WARNING **: 23:34:56.531: Status Notifier Item with bus name ':1.30' and object path '/org/ayatana/NotificationItem/nm_applet' is already registered

** (waybar:6365): WARNING **: 23:36:32.601: Status Notifier Item with bus name ':1.30' and object path '/org/ayatana/NotificationItem/nm_applet' is already registered

** (waybar:6365): WARNING **: 23:36:32.602: Status Notifier Item with bus name ':1.30' and object path '/org/ayatana/NotificationItem/nm_applet' is already registered

(waybar:6365): Gtk-CRITICAL **: 23:36:32.764: gtk_widget_set_accel_path: assertion 'GTK_IS_ACCEL_GROUP (accel_group)' failed

(waybar:6365): Gtk-CRITICAL **: 23:36:32.764: gtk_widget_add_accelerator: assertion 'GTK_IS_ACCEL_GROUP (accel_group)' failed

(waybar:6365): Gtk-CRITICAL **: 23:36:32.764: gtk_widget_set_accel_path: assertion 'GTK_IS_ACCEL_GROUP (accel_group)' failed

(waybar:6365): Gtk-CRITICAL **: 23:36:32.764: gtk_widget_add_accelerator: assertion 'GTK_IS_ACCEL_GROUP (accel_group)' failed

(waybar:6365): Gtk-CRITICAL **: 23:36:32.764: gtk_widget_set_accel_path: assertion 'GTK_IS_ACCEL_GROUP (accel_group)' failed

(waybar:6365): Gtk-CRITICAL **: 23:36:32.764: gtk_widget_add_accelerator: assertion 'GTK_IS_ACCEL_GROUP (accel_group)' failed

(waybar:6365): Gtk-CRITICAL **: 23:36:32.764: gtk_widget_set_accel_path: assertion 'GTK_IS_ACCEL_GROUP (accel_group)' failed

(waybar:6365): Gtk-CRITICAL **: 23:36:32.764: gtk_widget_add_accelerator: assertion 'GTK_IS_ACCEL_GROUP (accel_group)' failed

(waybar:6365): Gtk-CRITICAL **: 23:36:32.764: gtk_widget_set_accel_path: assertion 'GTK_IS_ACCEL_GROUP (accel_group)' failed

(waybar:6365): Gtk-CRITICAL **: 23:36:32.764: gtk_widget_add_accelerator: assertion 'GTK_IS_ACCEL_GROUP (accel_group)' failed

(waybar:6365): Gtk-CRITICAL **: 23:36:32.764: gtk_widget_set_accel_path: assertion 'GTK_IS_ACCEL_GROUP (accel_group)' failed

(waybar:6365): Gtk-CRITICAL **: 23:36:32.764: gtk_widget_add_accelerator: assertion 'GTK_IS_ACCEL_GROUP (accel_group)' failed

** (waybar:6365): WARNING **: 23:37:20.498: Status Notifier Item with bus name ':1.30' and object path '/org/ayatana/NotificationItem/nm_applet' is already registered

** (waybar:6365): WARNING **: 23:37:20.498: Status Notifier Item with bus name ':1.30' and object path '/org/ayatana/NotificationItem/nm_applet' is already registered

** (waybar:6365): WARNING **: 00:04:37.093: Status Notifier Item with bus name ':1.30' and object path '/org/ayatana/NotificationItem/nm_applet' is already registered
Gdk-Message: 00:04:37.432: Error reading events from display: Broken pipe
