./launch.sh: line 8: syncthingtray-qt6: command not found
kill: usage: kill [-s sigspec | -n signum | -sigspec] pid | jobspec ... or kill -l [sigspec]
[2025-02-24 00:49:06.531] [info] Using configuration file /home/omarhanykasban/.config/waybar/PC/Hyprland/config.jsonc
[2025-02-24 00:49:06.541] [info] Discovered appearance 'dark'
[2025-02-24 00:49:06.541] [info] Using CSS file /home/omarhanykasban/.config/waybar/PC/Hyprland/style.css
[2025-02-24 00:49:06.546] [info] Hyprland IPC starting
[2025-02-24 00:49:06.547] [info] Loading persistent workspaces from Hyprland workspace rules
[2025-02-24 00:49:06.559] [warning] No batteries.
[2025-02-24 00:49:06.689] [info] Bar configured (width: 1920, height: 39) for output: HDMI-A-1
[2025-02-24 00:49:06.689] [error] Item '': No icon name or pixmap given.
[2025-02-24 00:49:06.697] [error] Item '': No icon name or pixmap given.
[2025-02-24 00:49:06.697] [error] Item '': No icon name or pixmap given.
[2025-02-24 00:49:06.697] [error] Item '': No icon name or pixmap given.
[2025-02-24 00:49:06.697] [error] Item '': No icon name or pixmap given.
[2025-02-24 00:49:06.697] [error] Item '': No icon name or pixmap given.
[2025-02-24 00:49:06.697] [error] Item '': No icon name or pixmap given.
[2025-02-24 00:49:06.697] [error] Item '': No icon name or pixmap given.

** (waybar:245791): WARNING **: 00:49:06.701: Status Notifier Item with bus name ':1.20' and object path '/org/ayatana/NotificationItem/nm_applet' is already registered

(waybar:245791): Gtk-CRITICAL **: 00:49:06.709: gtk_widget_set_accel_path: assertion 'GTK_IS_ACCEL_GROUP (accel_group)' failed

(waybar:245791): Gtk-CRITICAL **: 00:49:06.709: gtk_widget_add_accelerator: assertion 'GTK_IS_ACCEL_GROUP (accel_group)' failed

(waybar:245791): Gtk-CRITICAL **: 00:49:06.709: gtk_widget_set_accel_path: assertion 'GTK_IS_ACCEL_GROUP (accel_group)' failed

(waybar:245791): Gtk-CRITICAL **: 00:49:06.709: gtk_widget_add_accelerator: assertion 'GTK_IS_ACCEL_GROUP (accel_group)' failed

(waybar:245791): Gtk-CRITICAL **: 00:49:06.709: gtk_widget_set_accel_path: assertion 'GTK_IS_ACCEL_GROUP (accel_group)' failed

(waybar:245791): Gtk-CRITICAL **: 00:49:06.709: gtk_widget_add_accelerator: assertion 'GTK_IS_ACCEL_GROUP (accel_group)' failed

(waybar:245791): Gtk-CRITICAL **: 00:49:06.711: gtk_widget_set_accel_path: assertion 'GTK_IS_ACCEL_GROUP (accel_group)' failed

(waybar:245791): Gtk-CRITICAL **: 00:49:06.711: gtk_widget_add_accelerator: assertion 'GTK_IS_ACCEL_GROUP (accel_group)' failed

(waybar:245791): Gtk-CRITICAL **: 00:49:06.711: gtk_widget_set_accel_path: assertion 'GTK_IS_ACCEL_GROUP (accel_group)' failed

(waybar:245791): Gtk-CRITICAL **: 00:49:06.711: gtk_widget_add_accelerator: assertion 'GTK_IS_ACCEL_GROUP (accel_group)' failed

(waybar:245791): Gtk-CRITICAL **: 00:49:06.712: gtk_widget_set_accel_path: assertion 'GTK_IS_ACCEL_GROUP (accel_group)' failed

(waybar:245791): Gtk-CRITICAL **: 00:49:06.712: gtk_widget_add_accelerator: assertion 'GTK_IS_ACCEL_GROUP (accel_group)' failed

(waybar:245791): Gtk-CRITICAL **: 00:49:06.712: gtk_widget_set_accel_path: assertion 'GTK_IS_ACCEL_GROUP (accel_group)' failed

(waybar:245791): Gtk-CRITICAL **: 00:49:06.712: gtk_widget_add_accelerator: assertion 'GTK_IS_ACCEL_GROUP (accel_group)' failed

(waybar:245791): Gtk-CRITICAL **: 00:49:06.713: gtk_widget_set_accel_path: assertion 'GTK_IS_ACCEL_GROUP (accel_group)' failed

(waybar:245791): Gtk-CRITICAL **: 00:49:06.713: gtk_widget_add_accelerator: assertion 'GTK_IS_ACCEL_GROUP (accel_group)' failed
./launch.sh: line 31: syncthingtray-qt6: command not found
[2025-02-24 00:50:55.723] [info] Using configuration file /home/omarhanykasban/.config/waybar/PC/Hyprland/config.jsonc
[2025-02-24 00:50:55.725] [info] Discovered appearance 'dark'
[2025-02-24 00:50:55.725] [info] Using CSS file /home/omarhanykasban/.config/waybar/PC/Hyprland/style.css
[2025-02-24 00:50:55.729] [info] Hyprland IPC starting
[2025-02-24 00:50:55.730] [info] Loading persistent workspaces from Hyprland workspace rules
[2025-02-24 00:50:55.738] [warning] No batteries.
[2025-02-24 00:50:55.867] [info] Bar configured (width: 1920, height: 39) for output: HDMI-A-1
[2025-02-24 00:50:55.867] [error] Item '': No icon name or pixmap given.
[2025-02-24 00:50:55.875] [error] Item '': No icon name or pixmap given.
[2025-02-24 00:50:55.875] [error] Item '': No icon name or pixmap given.
[2025-02-24 00:50:55.875] [error] Item '': No icon name or pixmap given.
[2025-02-24 00:50:55.875] [error] Item '': No icon name or pixmap given.
[2025-02-24 00:50:55.875] [error] Item '': No icon name or pixmap given.
[2025-02-24 00:50:55.875] [error] Item '': No icon name or pixmap given.
[2025-02-24 00:50:55.875] [error] Item '': No icon name or pixmap given.

** (waybar:251263): WARNING **: 00:50:55.879: Status Notifier Item with bus name ':1.20' and object path '/org/ayatana/NotificationItem/nm_applet' is already registered

(waybar:251263): Gtk-CRITICAL **: 00:50:55.888: gtk_widget_set_accel_path: assertion 'GTK_IS_ACCEL_GROUP (accel_group)' failed

(waybar:251263): Gtk-CRITICAL **: 00:50:55.888: gtk_widget_add_accelerator: assertion 'GTK_IS_ACCEL_GROUP (accel_group)' failed

(waybar:251263): Gtk-CRITICAL **: 00:50:55.888: gtk_widget_set_accel_path: assertion 'GTK_IS_ACCEL_GROUP (accel_group)' failed

(waybar:251263): Gtk-CRITICAL **: 00:50:55.888: gtk_widget_add_accelerator: assertion 'GTK_IS_ACCEL_GROUP (accel_group)' failed

(waybar:251263): Gtk-CRITICAL **: 00:50:55.888: gtk_widget_set_accel_path: assertion 'GTK_IS_ACCEL_GROUP (accel_group)' failed

(waybar:251263): Gtk-CRITICAL **: 00:50:55.888: gtk_widget_add_accelerator: assertion 'GTK_IS_ACCEL_GROUP (accel_group)' failed

(waybar:251263): Gtk-CRITICAL **: 00:50:55.890: gtk_widget_set_accel_path: assertion 'GTK_IS_ACCEL_GROUP (accel_group)' failed

(waybar:251263): Gtk-CRITICAL **: 00:50:55.890: gtk_widget_add_accelerator: assertion 'GTK_IS_ACCEL_GROUP (accel_group)' failed

(waybar:251263): Gtk-CRITICAL **: 00:50:55.890: gtk_widget_set_accel_path: assertion 'GTK_IS_ACCEL_GROUP (accel_group)' failed

(waybar:251263): Gtk-CRITICAL **: 00:50:55.890: gtk_widget_add_accelerator: assertion 'GTK_IS_ACCEL_GROUP (accel_group)' failed

(waybar:251263): Gtk-CRITICAL **: 00:50:55.891: gtk_widget_set_accel_path: assertion 'GTK_IS_ACCEL_GROUP (accel_group)' failed

(waybar:251263): Gtk-CRITICAL **: 00:50:55.891: gtk_widget_add_accelerator: assertion 'GTK_IS_ACCEL_GROUP (accel_group)' failed

(waybar:251263): Gtk-CRITICAL **: 00:50:55.891: gtk_widget_set_accel_path: assertion 'GTK_IS_ACCEL_GROUP (accel_group)' failed

(waybar:251263): Gtk-CRITICAL **: 00:50:55.891: gtk_widget_add_accelerator: assertion 'GTK_IS_ACCEL_GROUP (accel_group)' failed

(waybar:251263): Gtk-CRITICAL **: 00:50:55.891: gtk_widget_set_accel_path: assertion 'GTK_IS_ACCEL_GROUP (accel_group)' failed

(waybar:251263): Gtk-CRITICAL **: 00:50:55.891: gtk_widget_add_accelerator: assertion 'GTK_IS_ACCEL_GROUP (accel_group)' failed

** (waybar:251263): WARNING **: 00:50:56.787: Status Notifier Item with bus name ':1.20' and object path '/org/ayatana/NotificationItem/nm_applet' is already registered
./launch.sh: line 31: syncthingtray-qt6: command not found
