1734630409,18,Just Another Order,/home/omarhanykasban/Music/GTA/Just Another Order [ikOTW3f3xng].mp4,100
1734632969,22,GTA San Andreas CJ rap,/home/omarhanykasban/Music/GTA/Lil ki xxx - GTA San Andreas CJ rap.mp3,107
1734632972,18,Just Another Order,/home/omarhanykasban/Music/GTA/Just Another Order [ikOTW3f3xng].mp4,100
1734634150,19,Coffin Dance GTA SA,/home/omarhanykasban/Music/GTA/Coffin Dance GTA SA.mp3,88
1734634153,54,Ed Smoke-ran - Dip of You (Shape of You GTA:SA Parody),/home/omarhanykasban/Music/GTA/Ed Smoke-ran - Dip of You (Shape of You GTA：SA Parody) [uveNkWjF_G8].mp4,174
1734634208,29,Never Gonna Follow That Train,/home/omarhanykasban/Music/GTA/Never Gonna Follow That Train [HfeervqhY9Y].mp4,122
1734634248,54,Ed Smoke-ran - Dip of You (Shape of You GTA:SA Parody),/home/omarhanykasban/Music/GTA/Ed Smoke-ran - Dip of You (Shape of You GTA：SA Parody) [uveNkWjF_G8].mp4,174
1734634306,52,Laura Branigan - Self Control (Official Music Video),/home/omarhanykasban/Music/GTA/Laura Branigan - Self Control (Official Music Video) [RP0_8J7uxhs].mp3,168
1734634393,54,Ed Smoke-ran - Dip of You (Shape of You GTA:SA Parody),/home/omarhanykasban/Music/GTA/Ed Smoke-ran - Dip of You (Shape of You GTA：SA Parody) [uveNkWjF_G8].mp4,174
1734634424,54,Ed Smoke-ran - Dip of You (Shape of You GTA:SA Parody),/home/omarhanykasban/Music/GTA/Ed Smoke-ran - Dip of You (Shape of You GTA：SA Parody) [uveNkWjF_G8].mp4,174
1734634448,54,Ed Smoke-ran - Dip of You (Shape of You GTA:SA Parody),/home/omarhanykasban/Music/GTA/Ed Smoke-ran - Dip of You (Shape of You GTA：SA Parody) [uveNkWjF_G8].mp4,174
1734634506,29,Never Gonna Follow That Train,/home/omarhanykasban/Music/GTA/Never Gonna Follow That Train [HfeervqhY9Y].mp4,122
1734634521,29,Never Gonna Follow That Train,/home/omarhanykasban/Music/GTA/Never Gonna Follow That Train [HfeervqhY9Y].mp4,122
1734634578,54,Ed Smoke-ran - Dip of You (Shape of You GTA:SA Parody),/home/omarhanykasban/Music/GTA/Ed Smoke-ran - Dip of You (Shape of You GTA：SA Parody) [uveNkWjF_G8].mp4,174
1734634610,54,Ed Smoke-ran - Dip of You (Shape of You GTA:SA Parody),/home/omarhanykasban/Music/GTA/Ed Smoke-ran - Dip of You (Shape of You GTA：SA Parody) [uveNkWjF_G8].mp4,174
1734634679,54,Ed Smoke-ran - Dip of You (Shape of You GTA:SA Parody),/home/omarhanykasban/Music/GTA/Ed Smoke-ran - Dip of You (Shape of You GTA：SA Parody) [uveNkWjF_G8].mp4,174
1734634779,54,Ed Smoke-ran - Dip of You (Shape of You GTA:SA Parody),/home/omarhanykasban/Music/GTA/Ed Smoke-ran - Dip of You (Shape of You GTA：SA Parody) [uveNkWjF_G8].mp4,174
1734634819,54,Ed Smoke-ran - Dip of You (Shape of You GTA:SA Parody),/home/omarhanykasban/Music/GTA/Ed Smoke-ran - Dip of You (Shape of You GTA：SA Parody) [uveNkWjF_G8].mp4,174
1734634902,54,Ed Smoke-ran - Dip of You (Shape of You GTA:SA Parody),/home/omarhanykasban/Music/GTA/Ed Smoke-ran - Dip of You (Shape of You GTA：SA Parody) [uveNkWjF_G8].mp4,174
1734634920,29,Never Gonna Follow That Train,/home/omarhanykasban/Music/GTA/Never Gonna Follow That Train [HfeervqhY9Y].mp4,122
1734635158,54,Ed Smoke-ran - Dip of You (Shape of You GTA:SA Parody),/home/omarhanykasban/Music/GTA/Ed Smoke-ran - Dip of You (Shape of You GTA：SA Parody) [uveNkWjF_G8].mp4,174
1734635173,54,Ed Smoke-ran - Dip of You (Shape of You GTA:SA Parody),/home/omarhanykasban/Music/GTA/Ed Smoke-ran - Dip of You (Shape of You GTA：SA Parody) [uveNkWjF_G8].mp4,174
1734635183,18,Just Another Order,/home/omarhanykasban/Music/GTA/Just Another Order [ikOTW3f3xng].mp4,100
